<?xml version="1.0" encoding="UTF-8"?>
<!-- Generated by org.testng.reporters.JUnitReportReporter -->
<testsuite hostname="Rahuls-Air" failures="0" tests="2" name="com.learning.restAssured.RestAssuredExample1" time="2.944" errors="0" timestamp="02 Mar 2019 07:43:26 GMT" skipped="0">
  <testcase classname="com.learning.restAssured.RestAssuredExample1" name="deletePlace" time="0.236"/>
  <testcase classname="com.learning.restAssured.RestAssuredExample1" name="addPlace" time="2.708"/>
</testsuite> <!-- com.learning.restAssured.RestAssuredExample1 -->
